#
# There is insufficient memory for the Java Runtime Environment to continue.
# Native memory allocation (malloc) failed to allocate 131088 bytes for Chunk::new
# Possible reasons:
#   The system is out of physical RAM or swap space
#   The process is running with CompressedOops enabled, and the Java Heap may be blocking the growth of the native heap
# Possible solutions:
#   Reduce memory load on the system
#   Increase physical memory or swap space
#   Check if swap backing store is full
#   Decrease Java heap size (-Xmx/-Xms)
#   Decrease number of Java threads
#   Decrease Java thread stack sizes (-Xss)
#   Set larger code cache with -XX:ReservedCodeCacheSize=
#   JVM is running with Unscaled Compressed Oops mode in which the Java heap is
#     placed in the first 4GB address space. The Java Heap base address is the
#     maximum limit for the native heap growth. Please use -XX:HeapBaseMinAddress
#     to set the Java Heap base and to place the Java Heap above 4GB virtual address.
# This output file may be truncated or incomplete.
#
#  Out of Memory Error (allocation.cpp:389), pid=6732, tid=0x00000000000010f4
#
# JRE version: OpenJDK Runtime Environment (8.0_242-b01) (build 1.8.0_242-release-1644-b01)
# Java VM: OpenJDK 64-Bit Server VM (25.242-b01 mixed mode windows-amd64 compressed oops)
# Failed to write core dump. Minidumps are not enabled by default on client versions of Windows
#

---------------  T H R E A D  ---------------

Current thread (0x0000000017b92800):  JavaThread "C2 CompilerThread0" daemon [_thread_in_native, id=4340, stack(0x0000000019200000,0x0000000019300000)]

Stack: [0x0000000019200000,0x0000000019300000]
[error occurred during error reporting (printing stack bounds), id 0xc0000005]

Native frames: (J=compiled Java code, j=interpreted, Vv=VM code, C=native code)


Current CompileTask:
C2: 133215 4980       4       groovy.lang.MetaClassImpl::addMetaMethodToIndex (65 bytes)


---------------  P R O C E S S  ---------------

Java Threads: ( => current thread )
  0x0000000020561000 JavaThread "Cache worker for Build Output Cleanup Cache (D:\Android\MyApplication2\.gradle\buildOutputCleanup)" [_thread_blocked, id=3732, stack(0x0000000023b50000,0x0000000023c50000)]
  0x0000000020555000 JavaThread "Build operations Thread 4" [_thread_blocked, id=2008, stack(0x00000000223c0000,0x00000000224c0000)]
  0x000000002055b800 JavaThread "Build operations Thread 3" [_thread_blocked, id=13436, stack(0x000000001d330000,0x000000001d430000)]
  0x0000000020554000 JavaThread "Build operations Thread 2" [_thread_blocked, id=2928, stack(0x0000000001300000,0x0000000001400000)]
  0x000000002055b000 JavaThread "Build operations" [_thread_blocked, id=10932, stack(0x0000000001000000,0x0000000001100000)]
  0x0000000020558000 JavaThread "Cache worker for execution history cache (C:\Users\User\.gradle\caches\6.1.1\executionHistory)" [_thread_blocked, id=12400, stack(0x00000000215c0000,0x00000000216c0000)]
  0x0000000020556800 JavaThread "Cache worker for cache directory md-rule (C:\Users\User\.gradle\caches\6.1.1\md-rule)" [_thread_blocked, id=14160, stack(0x0000000021000000,0x0000000021100000)]
  0x0000000020557000 JavaThread "Cache worker for cache directory md-supplier (C:\Users\User\.gradle\caches\6.1.1\md-supplier)" [_thread_blocked, id=3884, stack(0x000000001fed0000,0x000000001ffd0000)]
  0x0000000020555800 JavaThread "Cache worker for file hash cache (D:\Android\MyApplication2\.gradle\6.1.1\fileHashes)" [_thread_blocked, id=13896, stack(0x00000000212c0000,0x00000000213c0000)]
  0x00000000196c9800 JavaThread "Cache worker for checksums cache (D:\Android\MyApplication2\.gradle\checksums)" [_thread_blocked, id=792, stack(0x00000000211c0000,0x00000000212c0000)]
  0x00000000196cb000 JavaThread "File lock release action executor" [_thread_blocked, id=9420, stack(0x000000001fbd0000,0x000000001fcd0000)]
  0x00000000196c8800 JavaThread "Cache worker for file hash cache (C:\Users\User\.gradle\caches\6.1.1\fileHashes)" [_thread_blocked, id=14236, stack(0x000000001d930000,0x000000001da30000)]
  0x00000000196c8000 JavaThread "File lock request listener" [_thread_in_native, id=12616, stack(0x000000001d830000,0x000000001d930000)]
  0x00000000196ca000 JavaThread "Cache worker for journal cache (C:\Users\User\.gradle\caches\journal-1)" [_thread_blocked, id=7476, stack(0x000000001d730000,0x000000001d830000)]
  0x00000000196d4800 JavaThread "Thread-9" [_thread_blocked, id=5344, stack(0x000000001d430000,0x000000001d530000)]
  0x00000000196cb800 JavaThread "Asynchronous log dispatcher for DefaultDaemonConnection: socket connection from /127.0.0.1:52759 to /127.0.0.1:52760" [_thread_blocked, id=11896, stack(0x000000001d230000,0x000000001d330000)]
  0x000000001a120800 JavaThread "Daemon worker" [_thread_in_Java, id=11492, stack(0x000000001d130000,0x000000001d230000)]
  0x000000001a049000 JavaThread "Cancel handler" [_thread_blocked, id=1220, stack(0x000000001d030000,0x000000001d130000)]
  0x000000001a0fe000 JavaThread "Handler for socket connection from /127.0.0.1:52759 to /127.0.0.1:52760" [_thread_in_native, id=9716, stack(0x000000001cd30000,0x000000001ce30000)]
  0x000000001a0fc800 JavaThread "Daemon" [_thread_blocked, id=9284, stack(0x000000001cc30000,0x000000001cd30000)]
  0x000000001aaa0800 JavaThread "Daemon periodic checks" [_thread_in_native, id=5980, stack(0x000000001cb30000,0x000000001cc30000)]
  0x0000000019847800 JavaThread "Incoming local TCP Connector on port 52759" [_thread_in_native, id=13512, stack(0x000000001c8e0000,0x000000001c9e0000)]
  0x0000000019b57800 JavaThread "Daemon health stats" [_thread_blocked, id=13876, stack(0x000000001c2a0000,0x000000001c3a0000)]
  0x0000000017beb800 JavaThread "Service Thread" daemon [_thread_blocked, id=13936, stack(0x0000000019900000,0x0000000019a00000)]
  0x0000000017ba2800 JavaThread "C1 CompilerThread2" daemon [_thread_blocked, id=4712, stack(0x0000000019400000,0x0000000019500000)]
  0x0000000017b9f800 JavaThread "C2 CompilerThread1" daemon [_thread_in_native, id=10544, stack(0x0000000019300000,0x0000000019400000)]
=>0x0000000017b92800 JavaThread "C2 CompilerThread0" daemon [_thread_in_native, id=4340, stack(0x0000000019200000,0x0000000019300000)]
  0x0000000017b92000 JavaThread "Attach Listener" daemon [_thread_blocked, id=8516, stack(0x0000000019100000,0x0000000019200000)]
  0x0000000017b98000 JavaThread "Signal Dispatcher" daemon [_thread_blocked, id=12784, stack(0x0000000019000000,0x0000000019100000)]
  0x0000000002f6c800 JavaThread "Finalizer" daemon [_thread_blocked, id=7436, stack(0x0000000018e00000,0x0000000018f00000)]
  0x0000000017b79000 JavaThread "Reference Handler" daemon [_thread_blocked, id=11768, stack(0x0000000018d00000,0x0000000018e00000)]
  0x0000000002d1d800 JavaThread "main" [_thread_blocked, id=13628, stack(0x0000000002d70000,0x0000000002e70000)]

Other Threads:
  0x0000000017b56800 VMThread [stack: 0x0000000018c00000,0x0000000018d00000] [id=7364]
  0x000000001954e000 WatcherThread [stack: 0x0000000019a00000,0x0000000019b00000] [id=10396]

VM state:not at safepoint (normal execution)

VM Mutex/Monitor currently owned by a thread: None

heap address: 0x0000000080000000, size: 2048 MB, Compressed Oops mode: 32-bit
Narrow klass base: 0x0000000000000000, Narrow klass shift: 3
Compressed class space size: 1073741824 Address: 0x0000000100000000

Heap:
 PSYoungGen      total 60928K, used 39946K [0x00000000d5580000, 0x00000000d9d00000, 0x0000000100000000)
  eden space 50688K, 64% used [0x00000000d5580000,0x00000000d75a7ed0,0x00000000d8700000)
  from space 10240K, 68% used [0x00000000d9300000,0x00000000d99dab68,0x00000000d9d00000)
  to   space 11264K, 0% used [0x00000000d8700000,0x00000000d8700000,0x00000000d9200000)
 ParOldGen       total 58368K, used 19620K [0x0000000080000000, 0x0000000083900000, 0x00000000d5580000)
  object space 58368K, 33% used [0x0000000080000000,0x0000000081329040,0x0000000083900000)
 Metaspace       used 51413K, capacity 53052K, committed 53288K, reserved 1095680K
  class space    used 6825K, capacity 7194K, committed 7216K, reserved 1048576K

Card table byte_map: [0x0000000012330000,0x0000000012740000] byte_map_base: 0x0000000011f30000

Marking Bits: (ParMarkBitMap*) 0x0000000054b8f030
 Begin Bits: [0x0000000012df0000, 0x0000000014df0000)
 End Bits:   [0x0000000014df0000, 0x0000000016df0000)

Polling page: 0x0000000001480000

CodeCache: size=245760Kb used=15213Kb max_used=15223Kb free=230546Kb
 bounds [0x0000000002f70000, 0x0000000003e60000, 0x0000000011f70000]
 total_blobs=5255 nmethods=4487 adapters=680
 compilation: enabled

Compilation events (10 events):
Event: 133.163 Thread 0x0000000017ba2800 4977       3       org.codehaus.groovy.reflection.stdclasses.CachedSAMClass$1::run (5 bytes)
Event: 133.163 Thread 0x0000000017ba2800 nmethod 4977 0x0000000003e4d450 code [0x0000000003e4d600, 0x0000000003e4d978]
Event: 133.163 Thread 0x0000000017ba2800 4978       3       org.codehaus.groovy.reflection.stdclasses.CachedSAMClass$1::run (8 bytes)
Event: 133.163 Thread 0x0000000017ba2800 nmethod 4978 0x0000000003e4ce50 code [0x0000000003e4cfe0, 0x0000000003e4d2f8]
Event: 133.164 Thread 0x0000000017b9f800 4979       4       java.util.LinkedList::linkLast (59 bytes)
Event: 133.165 Thread 0x0000000017b92800 4980       4       groovy.lang.MetaClassImpl::addMetaMethodToIndex (65 bytes)
Event: 133.166 Thread 0x0000000017b9f800 nmethod 4979 0x0000000003e4cad0 code [0x0000000003e4cc20, 0x0000000003e4cd58]
Event: 133.166 Thread 0x0000000017b9f800 4981       4       groovy.lang.MetaClassImpl::checkIfStdMethod (178 bytes)
Event: 133.209 Thread 0x0000000017ba2800 4983       3       org.codehaus.groovy.util.FastArray::set (8 bytes)
Event: 133.210 Thread 0x0000000017ba2800 nmethod 4983 0x0000000003e5c6d0 code [0x0000000003e5c840, 0x0000000003e5caf0]

GC Heap History (10 events):
Event: 76.912 GC heap before
{Heap before GC invocations=12 (full 1):
 PSYoungGen      total 66048K, used 35051K [0x00000000d5580000, 0x00000000da300000, 0x0000000100000000)
  eden space 55808K, 48% used [0x00000000d5580000,0x00000000d6fc0ae0,0x00000000d8c00000)
  from space 10240K, 79% used [0x00000000d9900000,0x00000000da0fa338,0x00000000da300000)
  to   space 11776K, 0% used [0x00000000d8c00000,0x00000000d8c00000,0x00000000d9780000)
 ParOldGen       total 49152K, used 7330K [0x0000000080000000, 0x0000000083000000, 0x00000000d5580000)
  object space 49152K, 14% used [0x0000000080000000,0x0000000080728a18,0x0000000083000000)
 Metaspace       used 34557K, capacity 35406K, committed 35496K, reserved 1079296K
  class space    used 4734K, capacity 4998K, committed 5040K, reserved 1048576K
Event: 76.922 GC heap after
Heap after GC invocations=12 (full 1):
 PSYoungGen      total 56320K, used 1927K [0x00000000d5580000, 0x00000000da180000, 0x0000000100000000)
  eden space 54272K, 0% used [0x00000000d5580000,0x00000000d5580000,0x00000000d8a80000)
  from space 2048K, 94% used [0x00000000d8c00000,0x00000000d8de1c38,0x00000000d8e00000)
  to   space 11776K, 0% used [0x00000000d9600000,0x00000000d9600000,0x00000000da180000)
 ParOldGen       total 49152K, used 13350K [0x0000000080000000, 0x0000000083000000, 0x00000000d5580000)
  object space 49152K, 27% used [0x0000000080000000,0x0000000080d09a98,0x0000000083000000)
 Metaspace       used 34557K, capacity 35406K, committed 35496K, reserved 1079296K
  class space    used 4734K, capacity 4998K, committed 5040K, reserved 1048576K
}
Event: 76.922 GC heap before
{Heap before GC invocations=13 (full 2):
 PSYoungGen      total 56320K, used 1927K [0x00000000d5580000, 0x00000000da180000, 0x0000000100000000)
  eden space 54272K, 0% used [0x00000000d5580000,0x00000000d5580000,0x00000000d8a80000)
  from space 2048K, 94% used [0x00000000d8c00000,0x00000000d8de1c38,0x00000000d8e00000)
  to   space 11776K, 0% used [0x00000000d9600000,0x00000000d9600000,0x00000000da180000)
 ParOldGen       total 49152K, used 13350K [0x0000000080000000, 0x0000000083000000, 0x00000000d5580000)
  object space 49152K, 27% used [0x0000000080000000,0x0000000080d09a98,0x0000000083000000)
 Metaspace       used 34557K, capacity 35406K, committed 35496K, reserved 1079296K
  class space    used 4734K, capacity 4998K, committed 5040K, reserved 1048576K
Event: 77.138 GC heap after
Heap after GC invocations=13 (full 2):
 PSYoungGen      total 56320K, used 0K [0x00000000d5580000, 0x00000000da180000, 0x0000000100000000)
  eden space 54272K, 0% used [0x00000000d5580000,0x00000000d5580000,0x00000000d8a80000)
  from space 2048K, 0% used [0x00000000d8c00000,0x00000000d8c00000,0x00000000d8e00000)
  to   space 11776K, 0% used [0x00000000d9600000,0x00000000d9600000,0x00000000da180000)
 ParOldGen       total 58368K, used 14882K [0x0000000080000000, 0x0000000083900000, 0x00000000d5580000)
  object space 58368K, 25% used [0x0000000080000000,0x0000000080e88940,0x0000000083900000)
 Metaspace       used 34557K, capacity 35406K, committed 35496K, reserved 1079296K
  class space    used 4734K, capacity 4998K, committed 5040K, reserved 1048576K
}
Event: 94.164 GC heap before
{Heap before GC invocations=14 (full 2):
 PSYoungGen      total 56320K, used 54272K [0x00000000d5580000, 0x00000000da180000, 0x0000000100000000)
  eden space 54272K, 100% used [0x00000000d5580000,0x00000000d8a80000,0x00000000d8a80000)
  from space 2048K, 0% used [0x00000000d8c00000,0x00000000d8c00000,0x00000000d8e00000)
  to   space 11776K, 0% used [0x00000000d9600000,0x00000000d9600000,0x00000000da180000)
 ParOldGen       total 58368K, used 14882K [0x0000000080000000, 0x0000000083900000, 0x00000000d5580000)
  object space 58368K, 25% used [0x0000000080000000,0x0000000080e88940,0x0000000083900000)
 Metaspace       used 36939K, capacity 38172K, committed 38440K, reserved 1083392K
  class space    used 5088K, capacity 5405K, committed 5424K, reserved 1048576K
Event: 94.203 GC heap after
Heap after GC invocations=14 (full 2):
 PSYoungGen      total 61952K, used 5082K [0x00000000d5580000, 0x00000000d9f00000, 0x0000000100000000)
  eden space 52736K, 0% used [0x00000000d5580000,0x00000000d5580000,0x00000000d8900000)
  from space 9216K, 55% used [0x00000000d9600000,0x00000000d9af69a8,0x00000000d9f00000)
  to   space 11264K, 0% used [0x00000000d8900000,0x00000000d8900000,0x00000000d9400000)
 ParOldGen       total 58368K, used 14882K [0x0000000080000000, 0x0000000083900000, 0x00000000d5580000)
  object space 58368K, 25% used [0x0000000080000000,0x0000000080e88940,0x0000000083900000)
 Metaspace       used 36939K, capacity 38172K, committed 38440K, reserved 1083392K
  class space    used 5088K, capacity 5405K, committed 5424K, reserved 1048576K
}
Event: 109.856 GC heap before
{Heap before GC invocations=15 (full 2):
 PSYoungGen      total 61952K, used 57818K [0x00000000d5580000, 0x00000000d9f00000, 0x0000000100000000)
  eden space 52736K, 100% used [0x00000000d5580000,0x00000000d8900000,0x00000000d8900000)
  from space 9216K, 55% used [0x00000000d9600000,0x00000000d9af69a8,0x00000000d9f00000)
  to   space 11264K, 0% used [0x00000000d8900000,0x00000000d8900000,0x00000000d9400000)
 ParOldGen       total 58368K, used 14882K [0x0000000080000000, 0x0000000083900000, 0x00000000d5580000)
  object space 58368K, 25% used [0x0000000080000000,0x0000000080e88940,0x0000000083900000)
 Metaspace       used 43597K, capacity 45118K, committed 45224K, reserved 1087488K
  class space    used 5906K, capacity 6263K, committed 6320K, reserved 1048576K
Event: 109.865 GC heap after
Heap after GC invocations=15 (full 2):
 PSYoungGen      total 58368K, used 6533K [0x00000000d5580000, 0x00000000d9e00000, 0x0000000100000000)
  eden space 51712K, 0% used [0x00000000d5580000,0x00000000d5580000,0x00000000d8800000)
  from space 6656K, 98% used [0x00000000d8900000,0x00000000d8f615d8,0x00000000d8f80000)
  to   space 11264K, 0% used [0x00000000d9300000,0x00000000d9300000,0x00000000d9e00000)
 ParOldGen       total 58368K, used 18012K [0x0000000080000000, 0x0000000083900000, 0x00000000d5580000)
  object space 58368K, 30% used [0x0000000080000000,0x00000000811971a0,0x0000000083900000)
 Metaspace       used 43597K, capacity 45118K, committed 45224K, reserved 1087488K
  class space    used 5906K, capacity 6263K, committed 6320K, reserved 1048576K
}
Event: 126.862 GC heap before
{Heap before GC invocations=16 (full 2):
 PSYoungGen      total 58368K, used 58245K [0x00000000d5580000, 0x00000000d9e00000, 0x0000000100000000)
  eden space 51712K, 100% used [0x00000000d5580000,0x00000000d8800000,0x00000000d8800000)
  from space 6656K, 98% used [0x00000000d8900000,0x00000000d8f615d8,0x00000000d8f80000)
  to   space 11264K, 0% used [0x00000000d9300000,0x00000000d9300000,0x00000000d9e00000)
 ParOldGen       total 58368K, used 18012K [0x0000000080000000, 0x0000000083900000, 0x00000000d5580000)
  object space 58368K, 30% used [0x0000000080000000,0x00000000811971a0,0x0000000083900000)
 Metaspace       used 47436K, capacity 49064K, committed 49320K, reserved 1091584K
  class space    used 6364K, capacity 6756K, committed 6832K, reserved 1048576K
Event: 126.905 GC heap after
Heap after GC invocations=16 (full 2):
 PSYoungGen      total 60928K, used 7018K [0x00000000d5580000, 0x00000000d9d00000, 0x0000000100000000)
  eden space 50688K, 0% used [0x00000000d5580000,0x00000000d5580000,0x00000000d8700000)
  from space 10240K, 68% used [0x00000000d9300000,0x00000000d99dab68,0x00000000d9d00000)
  to   space 11264K, 0% used [0x00000000d8700000,0x00000000d8700000,0x00000000d9200000)
 ParOldGen       total 58368K, used 19620K [0x0000000080000000, 0x0000000083900000, 0x00000000d5580000)
  object space 58368K, 33% used [0x0000000080000000,0x0000000081329040,0x0000000083900000)
 Metaspace       used 47436K, capacity 49064K, committed 49320K, reserved 1091584K
  class space    used 6364K, capacity 6756K, committed 6832K, reserved 1048576K
}

Deoptimization events (10 events):
Event: 130.068 Thread 0x000000001a120800 Uncommon trap: reason=bimorphic action=maybe_recompile pc=0x0000000003be13f0 method=java.util.Hashtable.get(Ljava/lang/Object;)Ljava/lang/Object; @ 6
Event: 130.068 Thread 0x000000001a120800 Uncommon trap: reason=bimorphic action=maybe_recompile pc=0x0000000003be13f0 method=java.util.Hashtable.get(Ljava/lang/Object;)Ljava/lang/Object; @ 6
Event: 130.068 Thread 0x000000001a120800 Uncommon trap: reason=bimorphic action=maybe_recompile pc=0x0000000003be13f0 method=java.util.Hashtable.get(Ljava/lang/Object;)Ljava/lang/Object; @ 6
Event: 130.068 Thread 0x000000001a120800 Uncommon trap: reason=bimorphic action=maybe_recompile pc=0x0000000003be13f0 method=java.util.Hashtable.get(Ljava/lang/Object;)Ljava/lang/Object; @ 6
Event: 130.220 Thread 0x000000001a120800 Uncommon trap: reason=unstable_if action=reinterpret pc=0x000000000314cfa4 method=java.lang.String.replace(CC)Ljava/lang/String; @ 2
Event: 130.228 Thread 0x000000001a120800 Uncommon trap: reason=bimorphic action=maybe_recompile pc=0x0000000003b19c60 method=org.codehaus.groovy.runtime.metaclass.MetaMethodIndex.addMethodToList(Ljava/lang/Object;Lgroovy/lang/MetaMethod;)Ljava/lang/Object; @ 96
Event: 130.229 Thread 0x000000001a120800 Uncommon trap: reason=unstable_if action=reinterpret pc=0x00000000038c2990 method=groovy.lang.MetaClassImpl$1MOPIter.methodNameAction(Ljava/lang/Class;Lorg/codehaus/groovy/runtime/metaclass/MetaMethodIndex$Entry;)V @ 182
Event: 131.254 Thread 0x000000001a120800 Uncommon trap: reason=unstable_if action=reinterpret pc=0x0000000003361024 method=java.lang.String.lastIndexOf([CII[CIII)I @ 17
Event: 131.254 Thread 0x000000001a120800 Uncommon trap: reason=unstable_if action=reinterpret pc=0x00000000035ce754 method=sun.net.www.protocol.jar.Handler.parseURL(Ljava/net/URL;Ljava/lang/String;II)V @ 116
Event: 131.323 Thread 0x000000001a120800 Uncommon trap: reason=unstable_if action=reinterpret pc=0x0000000003832444 method=java.util.concurrent.ConcurrentHashMap.putVal(Ljava/lang/Object;Ljava/lang/Object;Z)Ljava/lang/Object; @ 195

Classes redefined (0 events):
No events

Internal exceptions (10 events):
Event: 132.365 Thread 0x000000001a120800 Exception <a 'java/lang/ClassNotFoundException': com/android/build/gradle/TestedExtensionCustomizer> (0x00000000d7197a68) thrown at [C:\src\AOSP-openjdk-git\hotspot\src\share\vm\classfile\systemDictionary.cpp, line 210]
Event: 132.369 Thread 0x000000001a120800 Exception <a 'java/lang/ClassNotFoundException': com/android/build/gradle/AbstractAppExtensionCustomizer> (0x00000000d71d1c48) thrown at [C:\src\AOSP-openjdk-git\hotspot\src\share\vm\classfile\systemDictionary.cpp, line 210]
Event: 132.370 Thread 0x000000001a120800 Exception <a 'java/lang/ClassNotFoundException': com/android/build/gradle/AppExtensionCustomizer> (0x00000000d7205870) thrown at [C:\src\AOSP-openjdk-git\hotspot\src\share\vm\classfile\systemDictionary.cpp, line 210]
Event: 132.371 Thread 0x000000001a120800 Exception <a 'java/lang/ClassNotFoundException': com/android/build/gradle/internal/dsl/BaseAppModuleExtensionCustomizer> (0x00000000d723e3d0) thrown at [C:\src\AOSP-openjdk-git\hotspot\src\share\vm\classfile\systemDictionary.cpp, line 210]
Event: 132.403 Thread 0x000000001a120800 Exception <a 'java/lang/ClassNotFoundException': com/android/build/gradle/internal/dsl/BaseAppModuleExtension_DecoratedCustomizer> (0x00000000d72fa258) thrown at [C:\src\AOSP-openjdk-git\hotspot\src\share\vm\classfile\systemDictionary.cpp, line 210]
Event: 133.211 Thread 0x000000001a120800 Exception <a 'java/lang/ClassNotFoundException': com/android/build/gradle/internal/dsl/DefaultConfig_DecoratedBeanInfo> (0x00000000d74a1818) thrown at [C:\src\AOSP-openjdk-git\hotspot\src\share\vm\classfile\systemDictionary.cpp, line 210]
Event: 133.212 Thread 0x000000001a120800 Exception <a 'java/lang/ClassNotFoundException': com/android/build/gradle/internal/dsl/DefaultConfigBeanInfo> (0x00000000d74c6dd0) thrown at [C:\src\AOSP-openjdk-git\hotspot\src\share\vm\classfile\systemDictionary.cpp, line 210]
Event: 133.212 Thread 0x000000001a120800 Exception <a 'java/lang/ClassNotFoundException': com/android/build/gradle/internal/dsl/BaseFlavorBeanInfo> (0x00000000d74e5bd8) thrown at [C:\src\AOSP-openjdk-git\hotspot\src\share\vm\classfile\systemDictionary.cpp, line 210]
Event: 133.213 Thread 0x000000001a120800 Exception <a 'java/lang/ClassNotFoundException': com/android/builder/core/AbstractProductFlavorBeanInfo> (0x00000000d7503be0) thrown at [C:\src\AOSP-openjdk-git\hotspot\src\share\vm\classfile\systemDictionary.cpp, line 210]
Event: 133.214 Thread 0x000000001a120800 Exception <a 'java/lang/ClassNotFoundException': com/android/builder/internal/BaseConfigImplBeanInfo> (0x00000000d7521408) thrown at [C:\src\AOSP-openjdk-git\hotspot\src\share\vm\classfile\systemDictionary.cpp, line 210]

Events (10 events):
Event: 133.212 loading class com/android/builder/core/AbstractProductFlavorBeanInfo
Event: 133.212 loading class com/android/builder/core/AbstractProductFlavorBeanInfo done
Event: 133.213 loading class com/android/builder/core/AbstractProductFlavorBeanInfo
Event: 133.213 loading class com/android/builder/core/AbstractProductFlavorBeanInfo done
Event: 133.213 loading class com/android/builder/internal/BaseConfigImplBeanInfo
Event: 133.213 loading class com/android/builder/internal/BaseConfigImplBeanInfo done
Event: 133.214 loading class com/android/builder/internal/BaseConfigImplBeanInfo
Event: 133.214 loading class com/android/builder/internal/BaseConfigImplBeanInfo done
Event: 133.214 loading class com/android/builder/internal/BaseConfigImplCustomizer
Event: 133.214 loading class com/android/builder/internal/BaseConfigImplCustomizer done


Dynamic libraries:
0x00007ff611c30000 - 0x00007ff611c61000 	C:\Program Files\Android\Android Studio\jre\bin\java.exe
0x00007ff97a110000 - 0x00007ff97a304000 	C:\WINDOWS\SYSTEM32\ntdll.dll
0x00007ff978b80000 - 0x00007ff978c3d000 	C:\WINDOWS\System32\KERNEL32.DLL
0x00007ff977860000 - 0x00007ff977b27000 	C:\WINDOWS\System32\KERNELBASE.dll
0x00007ff9746e0000 - 0x00007ff974770000 	C:\WINDOWS\SYSTEM32\apphelp.dll
0x00007ff978370000 - 0x00007ff97841a000 	C:\WINDOWS\System32\ADVAPI32.dll
0x00007ff9791f0000 - 0x00007ff97928e000 	C:\WINDOWS\System32\msvcrt.dll
0x00007ff978420000 - 0x00007ff9784bb000 	C:\WINDOWS\System32\sechost.dll
0x00007ff978960000 - 0x00007ff978a83000 	C:\WINDOWS\System32\RPCRT4.dll
0x00007ff9784c0000 - 0x00007ff978660000 	C:\WINDOWS\System32\USER32.dll
0x00007ff978020000 - 0x00007ff978042000 	C:\WINDOWS\System32\win32u.dll
0x00007ff978190000 - 0x00007ff9781ba000 	C:\WINDOWS\System32\GDI32.dll
0x00007ff977dc0000 - 0x00007ff977eca000 	C:\WINDOWS\System32\gdi32full.dll
0x00007ff977d20000 - 0x00007ff977dbd000 	C:\WINDOWS\System32\msvcp_win.dll
0x00007ff977f20000 - 0x00007ff978020000 	C:\WINDOWS\System32\ucrtbase.dll
0x00007ff963c80000 - 0x00007ff963f1a000 	C:\WINDOWS\WinSxS\amd64_microsoft.windows.common-controls_6595b64144ccf1df_6.0.19041.1_none_b555e41d4684ddec\COMCTL32.dll
0x00007ff978a90000 - 0x00007ff978ac0000 	C:\WINDOWS\System32\IMM32.DLL
0x0000000053520000 - 0x00000000535f2000 	C:\Program Files\Android\Android Studio\jre\jre\bin\msvcr100.dll
0x00000000543c0000 - 0x0000000054c0b000 	C:\Program Files\Android\Android Studio\jre\jre\bin\server\jvm.dll
0x00007ff979b90000 - 0x00007ff979b98000 	C:\WINDOWS\System32\PSAPI.DLL
0x00007ff974620000 - 0x00007ff974629000 	C:\WINDOWS\SYSTEM32\WSOCK32.dll
0x00007ff979a90000 - 0x00007ff979afb000 	C:\WINDOWS\System32\WS2_32.dll
0x00007ff96e230000 - 0x00007ff96e257000 	C:\WINDOWS\SYSTEM32\WINMM.dll
0x00007ff96d2b0000 - 0x00007ff96d2ba000 	C:\WINDOWS\SYSTEM32\VERSION.dll
0x00007ff9745f0000 - 0x00007ff9745ff000 	C:\Program Files\Android\Android Studio\jre\jre\bin\verify.dll
0x00007ff96fff0000 - 0x00007ff970019000 	C:\Program Files\Android\Android Studio\jre\jre\bin\java.dll
0x00007ff970370000 - 0x00007ff970386000 	C:\Program Files\Android\Android Studio\jre\jre\bin\zip.dll
0x00007ff9792f0000 - 0x00007ff979a25000 	C:\WINDOWS\System32\SHELL32.dll
0x00007ff9759f0000 - 0x00007ff97617f000 	C:\WINDOWS\SYSTEM32\windows.storage.dll
0x00007ff978dc0000 - 0x00007ff979113000 	C:\WINDOWS\System32\combase.dll
0x00007ff977210000 - 0x00007ff97723b000 	C:\WINDOWS\SYSTEM32\Wldp.dll
0x00007ff978780000 - 0x00007ff97882e000 	C:\WINDOWS\System32\SHCORE.dll
0x00007ff979290000 - 0x00007ff9792e5000 	C:\WINDOWS\System32\shlwapi.dll
0x00007ff9777a0000 - 0x00007ff9777bf000 	C:\WINDOWS\SYSTEM32\profapi.dll
0x00007ff96ffd0000 - 0x00007ff96ffea000 	C:\Program Files\Android\Android Studio\jre\jre\bin\net.dll
0x00007ff976f90000 - 0x00007ff976ffa000 	C:\WINDOWS\system32\mswsock.dll
0x00007ff96ebc0000 - 0x00007ff96ebd3000 	C:\Program Files\Android\Android Studio\jre\jre\bin\nio.dll
0x00007ff969080000 - 0x00007ff9690a6000 	C:\Users\User\.gradle\native\31\windows-amd64\native-platform.dll
0x00007ff973520000 - 0x00007ff97352d000 	C:\Program Files\Android\Android Studio\jre\jre\bin\management.dll
0x00007ff977170000 - 0x00007ff977188000 	C:\WINDOWS\SYSTEM32\CRYPTSP.dll
0x00007ff976920000 - 0x00007ff976954000 	C:\WINDOWS\system32\rsaenh.dll
0x00007ff977b30000 - 0x00007ff977b57000 	C:\WINDOWS\System32\bcrypt.dll
0x00007ff977760000 - 0x00007ff97778e000 	C:\WINDOWS\SYSTEM32\USERENV.dll
0x00007ff978100000 - 0x00007ff97817f000 	C:\WINDOWS\System32\bcryptprimitives.dll
0x00007ff977160000 - 0x00007ff97716c000 	C:\WINDOWS\SYSTEM32\CRYPTBASE.dll
0x00007ff976c80000 - 0x00007ff976cbb000 	C:\WINDOWS\SYSTEM32\IPHLPAPI.DLL
0x00007ff978ac0000 - 0x00007ff978ac9000 	C:\WINDOWS\System32\NSI.dll
0x00007ff96de90000 - 0x00007ff96dea7000 	C:\WINDOWS\SYSTEM32\dhcpcsvc6.DLL
0x00007ff96f2b0000 - 0x00007ff96f2cd000 	C:\WINDOWS\SYSTEM32\dhcpcsvc.DLL
0x00007ff976cc0000 - 0x00007ff976d8a000 	C:\WINDOWS\SYSTEM32\DNSAPI.dll

VM Arguments:
jvm_args: -Xmx2048m -Dfile.encoding=windows-1251 -Duser.country=US -Duser.language=en -Duser.variant 
java_command: org.gradle.launcher.daemon.bootstrap.GradleDaemon 6.1.1
java_class_path (initial): C:\Users\User\.gradle\wrapper\dists\gradle-6.1.1-all\cfmwm155h49vnt3hynmlrsdst\gradle-6.1.1\lib\gradle-launcher-6.1.1.jar
Launcher Type: SUN_STANDARD

Environment Variables:
PATH=C:\Program Files (x86)\NVIDIA Corporation\PhysX\Common;C:\oraclexe\app\oracle\product\11.2.0\server\bin;C:\WINDOWS\system32;C:\WINDOWS;C:\WINDOWS\System32\Wbem;C:\WINDOWS\System32\WindowsPowerShell\v1.0\;C:\WINDOWS\System32\OpenSSH\;C:\Program Files\MySQL\MySQL Server 5.1\bin;C:\Program Files\MySQL\MySQL Server 5.5\bin;C:\Program Files\Java\jdk1.8.0_144\bin\;C:\Users\User\AppData\Local\Microsoft\WindowsApps;C:\Users\User\AppData\Local\GitHubDesktop\bin;%USERPROFILE%\AppData\Local\Microsoft\WindowsApps;
USERNAME=User
OS=Windows_NT
PROCESSOR_IDENTIFIER=Intel64 Family 6 Model 61 Stepping 4, GenuineIntel



---------------  S Y S T E M  ---------------

OS: Windows 10.0 , 64 bit Build 19041 (10.0.19041.292)

CPU:total 4 (initial active 4) (2 cores per cpu, 2 threads per core) family 6 model 61 stepping 4, cmov, cx8, fxsr, mmx, sse, sse2, sse3, ssse3, sse4.1, sse4.2, popcnt, avx, avx2, aes, clmul, erms, rtm, 3dnowpref, lzcnt, ht, tsc, tscinvbit, bmi1, bmi2, adx

Memory: 4k page, physical 8264988k(1349244k free), swap 16002572k(5296k free)

vm_info: OpenJDK 64-Bit Server VM (25.242-b01) for windows-amd64 JRE (1.8.0_242-release-1644-b01), built by "builder" with MS VC++ 10.0 (VS2010)

time: Sat Jul 25 12:18:10 2020
timezone: West Asia Standard Time
elapsed time: 133 seconds (0d 0h 2m 13s)

